<?xml version="1.0" encoding="UTF-8"?>
<!-- Generated by org.testng.reporters.JUnitXMLReporter -->
<testsuite ignored="0" hostname="MohammadY" failures="0" tests="3" name="Surefire test" time="20.264" errors="0" timestamp="2024-07-30T20:32:27 GST">
  <testcase classname="com.Todo.QaCart.TestCases.loginTest" name="logintest" time="8.442"/>
  <testcase classname="com.Todo.QaCart.TestCases.ManageTaskTest" name="AddTask" time="9.651"/>
  <testcase classname="com.Todo.QaCart.TestCases.ManageTaskTest" name="DeleteTask" time="2.906"/>
</testsuite> <!-- Surefire test -->
