<?xml version="1.0" encoding="UTF-8"?>
<testng-results ignored="0" total="3" passed="3" failed="0" skipped="0">
  <reporter-output>
  </reporter-output>
  <suite started-at="2024-07-30T20:32:07 GST" name="Surefire suite" finished-at="2024-07-30T20:32:27 GST" duration-ms="20264">
    <groups>
    </groups>
    <test started-at="2024-07-30T20:32:07 GST" name="Surefire test" finished-at="2024-07-30T20:32:27 GST" duration-ms="20264">
      <class name="com.Todo.QaCart.TestCases.ManageTaskTest">
        <test-method is-config="true" signature="setUp()[pri:0, instance:com.Todo.QaCart.TestCases.ManageTaskTest@4f6f416f]" started-at="2024-07-30T20:32:07 GST" name="setUp" finished-at="2024-07-30T20:32:11 GST" duration-ms="4277" status="PASS">
          <reporter-output>
          </reporter-output>
        </test-method> <!-- setUp -->
        <test-method signature="AddTask()[pri:0, instance:com.Todo.QaCart.TestCases.ManageTaskTest@4f6f416f]" started-at="2024-07-30T20:32:11 GST" name="AddTask" finished-at="2024-07-30T20:32:21 GST" duration-ms="9651" status="PASS">
          <reporter-output>
          </reporter-output>
        </test-method> <!-- AddTask -->
        <test-method is-config="true" signature="tearDown()[pri:0, instance:com.Todo.QaCart.TestCases.ManageTaskTest@4f6f416f]" started-at="2024-07-30T20:32:21 GST" name="tearDown" finished-at="2024-07-30T20:32:23 GST" duration-ms="1777" status="PASS">
          <reporter-output>
          </reporter-output>
        </test-method> <!-- tearDown -->
        <test-method is-config="true" signature="setUp()[pri:0, instance:com.Todo.QaCart.TestCases.ManageTaskTest@4f6f416f]" started-at="2024-07-30T20:32:23 GST" name="setUp" finished-at="2024-07-30T20:32:24 GST" duration-ms="1095" status="PASS">
          <reporter-output>
          </reporter-output>
        </test-method> <!-- setUp -->
        <test-method signature="DeleteTask()[pri:0, instance:com.Todo.QaCart.TestCases.ManageTaskTest@4f6f416f]" started-at="2024-07-30T20:32:24 GST" name="DeleteTask" finished-at="2024-07-30T20:32:27 GST" duration-ms="2906" status="PASS">
          <reporter-output>
          </reporter-output>
        </test-method> <!-- DeleteTask -->
        <test-method is-config="true" signature="tearDown()[pri:0, instance:com.Todo.QaCart.TestCases.ManageTaskTest@4f6f416f]" started-at="2024-07-30T20:32:27 GST" name="tearDown" finished-at="2024-07-30T20:32:27 GST" duration-ms="255" status="PASS">
          <reporter-output>
          </reporter-output>
        </test-method> <!-- tearDown -->
      </class> <!-- com.Todo.QaCart.TestCases.ManageTaskTest -->
      <class name="com.Todo.QaCart.TestCases.loginTest">
        <test-method is-config="true" signature="setUp()[pri:0, instance:com.Todo.QaCart.TestCases.loginTest@125290e5]" started-at="2024-07-30T20:32:07 GST" name="setUp" finished-at="2024-07-30T20:32:11 GST" duration-ms="4639" status="PASS">
          <reporter-output>
          </reporter-output>
        </test-method> <!-- setUp -->
        <test-method signature="logintest()[pri:0, instance:com.Todo.QaCart.TestCases.loginTest@125290e5]" started-at="2024-07-30T20:32:11 GST" name="logintest" finished-at="2024-07-30T20:32:20 GST" duration-ms="8442" status="PASS">
          <reporter-output>
          </reporter-output>
        </test-method> <!-- logintest -->
        <test-method is-config="true" signature="tearDown()[pri:0, instance:com.Todo.QaCart.TestCases.loginTest@125290e5]" started-at="2024-07-30T20:32:20 GST" name="tearDown" finished-at="2024-07-30T20:32:23 GST" duration-ms="2864" status="PASS">
          <reporter-output>
          </reporter-output>
        </test-method> <!-- tearDown -->
      </class> <!-- com.Todo.QaCart.TestCases.loginTest -->
    </test> <!-- Surefire test -->
  </suite> <!-- Surefire suite -->
</testng-results>
